This is pdfTeX, Version 3.141592653-2.6-1.40.25 (MiKTeX 23.4) (preloaded format=pdflatex 2023.8.9)  31 AUG 2023 19:32
entering extended mode
 restricted \write18 enabled.
 file:line:error style messages enabled.
 %&-line parsing enabled.
**c:/Users/aitor/TFM/docs/main.tex
(c:/Users/aitor/TFM/docs/main.tex
LaTeX2e <2022-11-01> patch level 1
L3 programming layer <2023-03-30> (C:\Users\aitor\AppData\Local\Programs\MiKTeX\tex/latex/base\article.cls
Document Class: article 2022/07/02 v1.4n Standard LaTeX document class
(C:\Users\aitor\AppData\Local\Programs\MiKTeX\tex/latex/base\size12.clo
File: size12.clo 2022/07/02 v1.4n Standard LaTeX file (size option)
)
\c@part=\count185
\c@section=\count186
\c@subsection=\count187
\c@subsubsection=\count188
\c@paragraph=\count189
\c@subparagraph=\count190
\c@figure=\count191
\c@table=\count192
\abovecaptionskip=\skip48
\belowcaptionskip=\skip49
\bibindent=\dimen140
) (C:\Users\aitor\AppData\Local\Programs\MiKTeX\tex/latex/blindtext\blindtext.sty
Package: blindtext 2012/01/06 V2.0 blindtext-Package
 (C:\Users\aitor\AppData\Local\Programs\MiKTeX\tex/latex/tools\xspace.sty
Package: xspace 2014/10/28 v1.13 Space after command names (DPC,MH)
)
\c@blindtext=\count193
\c@Blindtext=\count194
\c@blind@countparstart=\count195
\blind@countxx=\count196
\blindtext@numBlindtext=\count197
\blind@countyy=\count198
\c@blindlist=\count199
\c@blindlistlevel=\count266
\c@blindlist@level=\count267
\blind@listitem=\count268
\c@blind@listcount=\count269
\c@blind@levelcount=\count270
\blind@mathformula=\count271
\blind@Mathformula=\count272
\c@blind@randomcount=\count273
\c@blind@randommax=\count274
\c@blind@pangramcount=\count275
\c@blind@pangrammax=\count276
) (C:\Users\aitor\AppData\Local\Programs\MiKTeX\tex/latex/tools\multicol.sty
Package: multicol 2021/11/30 v1.9d multicolumn formatting (FMi)
\c@tracingmulticols=\count277
\mult@box=\box51
\multicol@leftmargin=\dimen141
\c@unbalance=\count278
\c@collectmore=\count279
\doublecol@number=\count280
\multicoltolerance=\count281
\multicolpretolerance=\count282
\full@width=\dimen142
\page@free=\dimen143
\premulticols=\dimen144
\postmulticols=\dimen145
\multicolsep=\skip50
\multicolbaselineskip=\skip51
\partial@page=\box52
\last@line=\box53
\maxbalancingoverflow=\dimen146
\mult@rightbox=\box54
\mult@grightbox=\box55
\mult@firstbox=\box56
\mult@gfirstbox=\box57
\@tempa=\box58
\@tempa=\box59
\@tempa=\box60
\@tempa=\box61
\@tempa=\box62
\@tempa=\box63
\@tempa=\box64
\@tempa=\box65
\@tempa=\box66
\@tempa=\box67
\@tempa=\box68
\@tempa=\box69
\@tempa=\box70
\@tempa=\box71
\@tempa=\box72
\@tempa=\box73
\@tempa=\box74
\@tempa=\box75
\@tempa=\box76
\@tempa=\box77
\@tempa=\box78
\@tempa=\box79
\@tempa=\box80
\@tempa=\box81
\@tempa=\box82
\@tempa=\box83
\@tempa=\box84
\@tempa=\box85
\@tempa=\box86
\@tempa=\box87
\@tempa=\box88
\@tempa=\box89
\@tempa=\box90
\@tempa=\box91
\@tempa=\box92
\@tempa=\box93
\c@minrows=\count283
\c@columnbadness=\count284
\c@finalcolumnbadness=\count285
\last@try=\dimen147
\multicolovershoot=\dimen148
\multicolundershoot=\dimen149
\mult@nat@firstbox=\box94
\colbreak@box=\box95
\mc@col@check@num=\count286
) (C:\Users\aitor\AppData\Local\Programs\MiKTeX\tex/latex/listings\listings.sty (C:\Users\aitor\AppData\Local\Programs\MiKTeX\tex/latex/graphics\keyval.sty
Package: keyval 2022/05/29 v1.15 key=value parser (DPC)
\KV@toks@=\toks16
)
\lst@mode=\count287
\lst@gtempboxa=\box96
\lst@token=\toks17
\lst@length=\count288
\lst@currlwidth=\dimen150
\lst@column=\count289
\lst@pos=\count290
\lst@lostspace=\dimen151
\lst@width=\dimen152
\lst@newlines=\count291
\lst@lineno=\count292
\lst@maxwidth=\dimen153
 (C:\Users\aitor\AppData\Local\Programs\MiKTeX\tex/latex/listings\lstmisc.sty
File: lstmisc.sty 2023/02/27 1.9 (Carsten Heinz)
\c@lstnumber=\count293
\lst@skipnumbers=\count294
\lst@framebox=\box97
) (C:\Users\aitor\AppData\Local\Programs\MiKTeX\tex/latex/listings\listings.cfg
File: listings.cfg 2023/02/27 1.9 listings configuration
))
Package: listings 2023/02/27 1.9 (Carsten Heinz)
 (C:\Users\aitor\AppData\Local\Programs\MiKTeX\tex/latex/graphics\graphicx.sty
Package: graphicx 2021/09/16 v1.2d Enhanced LaTeX Graphics (DPC,SPQR)
 (C:\Users\aitor\AppData\Local\Programs\MiKTeX\tex/latex/graphics\graphics.sty
Package: graphics 2022/03/10 v1.4e Standard LaTeX Graphics (DPC,SPQR)
 (C:\Users\aitor\AppData\Local\Programs\MiKTeX\tex/latex/graphics\trig.sty
Package: trig 2021/08/11 v1.11 sin cos tan (DPC)
) (C:\Users\aitor\AppData\Local\Programs\MiKTeX\tex/latex/graphics-cfg\graphics.cfg
File: graphics.cfg 2016/06/04 v1.11 sample graphics configuration
)
Package graphics Info: Driver file: pdftex.def on input line 107.
 (C:\Users\aitor\AppData\Local\Programs\MiKTeX\tex/latex/graphics-def\pdftex.def
File: pdftex.def 2022/09/22 v1.2b Graphics/color driver for pdftex
))
\Gin@req@height=\dimen154
\Gin@req@width=\dimen155
) (C:\Users\aitor\AppData\Local\Programs\MiKTeX\tex/latex/wrapfig\wrapfig.sty
\wrapoverhang=\dimen156
\WF@size=\dimen157
\c@WF@wrappedlines=\count295
\WF@box=\box98
\WF@everypar=\toks18
Package: wrapfig 2003/01/31  v 3.6
) (C:\Users\aitor\AppData\Local\Programs\MiKTeX\tex/latex/float\float.sty
Package: float 2001/11/08 v1.3d Float enhancements (AL)
\c@float@type=\count296
\float@exts=\toks19
\float@box=\box99
\@float@everytoks=\toks20
\@floatcapt=\box100
) (C:\Users\aitor\AppData\Local\Programs\MiKTeX\tex/latex/l3backend\l3backend-pdftex.def
File: l3backend-pdftex.def 2023-03-30 L3 backend support: PDF output (pdfTeX)
\l__color_backend_stack_int=\count297
\l__pdf_internal_box=\box101
) (main.aux)
\openout1 = `main.aux'.

LaTeX Font Info:    Checking defaults for OML/cmm/m/it on input line 12.
LaTeX Font Info:    ... okay on input line 12.
LaTeX Font Info:    Checking defaults for OMS/cmsy/m/n on input line 12.
LaTeX Font Info:    ... okay on input line 12.
LaTeX Font Info:    Checking defaults for OT1/cmr/m/n on input line 12.
LaTeX Font Info:    ... okay on input line 12.
LaTeX Font Info:    Checking defaults for T1/cmr/m/n on input line 12.
LaTeX Font Info:    ... okay on input line 12.
LaTeX Font Info:    Checking defaults for TS1/cmr/m/n on input line 12.
LaTeX Font Info:    ... okay on input line 12.
LaTeX Font Info:    Checking defaults for OMX/cmex/m/n on input line 12.
LaTeX Font Info:    ... okay on input line 12.
LaTeX Font Info:    Checking defaults for U/cmr/m/n on input line 12.
LaTeX Font Info:    ... okay on input line 12.
\c@lstlisting=\count298
 (C:\Users\aitor\AppData\Local\Programs\MiKTeX\tex/context/base/mkii\supp-pdf.mkii
[Loading MPS to PDF converter (version 2006.09.02).]
\scratchcounter=\count299
\scratchdimen=\dimen158
\scratchbox=\box102
\nofMPsegments=\count300
\nofMParguments=\count301
\everyMPshowfont=\toks21
\MPscratchCnt=\count302
\MPscratchDim=\dimen159
\MPnumerator=\count303
\makeMPintoPDFobject=\count304
\everyMPtoPDFconversion=\toks22
) (C:\Users\aitor\AppData\Local\Programs\MiKTeX\tex/latex/epstopdf-pkg\epstopdf-base.sty
Package: epstopdf-base 2020-01-24 v2.11 Base part for package epstopdf
Package epstopdf-base Info: Redefining graphics rule for `.eps' on input line 485.
 (C:\Users\aitor\AppData\Local\Programs\MiKTeX\tex/latex/00miktex\epstopdf-sys.cfg
File: epstopdf-sys.cfg 2021/03/18 v2.0 Configuration of epstopdf for MiKTeX
))
LaTeX Font Info:    External font `cmex10' loaded for size
(Font)              <14.4> on input line 13.
LaTeX Font Info:    External font `cmex10' loaded for size
(Font)              <7> on input line 13.
 [1

{C:/Users/aitor/AppData/Local/MiKTeX/fonts/map/pdftex/pdftex.map}]
LaTeX Font Info:    Trying to load font information for OMS+cmr on input line 36.
 (C:\Users\aitor\AppData\Local\Programs\MiKTeX\tex/latex/base\omscmr.fd
File: omscmr.fd 2022/07/10 v2.5l Standard LaTeX font definitions
)
LaTeX Font Info:    Font shape `OMS/cmr/m/n' in size <12> not available
(Font)              Font shape `OMS/cmsy/m/n' tried instead on input line 36.

Overfull \hbox (0.34967pt too wide) in paragraph at lines 41--42
[][][][][][][][][][][] 
 []


Underfull \hbox (badness 10000) in paragraph at lines 58--58
[]\OT1/cmr/bx/n/12 node[]modules se-cu-rity
 []

[2] [3] [4] [5] [6]
<./images//hashing_lines.png, id=27, 591.20876pt x 451.6875pt>
File: ./images//hashing_lines.png Graphic file (type png)
<use ./images//hashing_lines.png>
Package pdftex.def Info: ./images//hashing_lines.png  used on input line 242.
(pdftex.def)             Requested size: 175.49881pt x 134.0806pt.
<./images//trend_hash_deno.png, id=29, 591.20876pt x 451.6875pt>
File: ./images//trend_hash_deno.png Graphic file (type png)
<use ./images//trend_hash_deno.png>
Package pdftex.def Info: ./images//trend_hash_deno.png  used on input line 251.
(pdftex.def)             Requested size: 175.49881pt x 134.0806pt.
<images/trend_hash_rust.png, id=30, 591.20876pt x 451.6875pt>
File: images/trend_hash_rust.png Graphic file (type png)
<use images/trend_hash_rust.png>
Package pdftex.def Info: images/trend_hash_rust.png  used on input line 256.
(pdftex.def)             Requested size: 175.49881pt x 134.0806pt.
<images/secretbox_lines.png, id=31, 657.45625pt x 451.6875pt>
File: images/secretbox_lines.png Graphic file (type png)
<use images/secretbox_lines.png>
Package pdftex.def Info: images/secretbox_lines.png  used on input line 273.
(pdftex.def)             Requested size: 175.49881pt x 120.57191pt.
 [7 <./images//hashing_lines.png> <./images//trend_hash_deno.png> <./images/trend_hash_rust.png>]
<./images//trend_secretbox_deno.png, id=39, 657.45625pt x 451.6875pt>
File: ./images//trend_secretbox_deno.png Graphic file (type png)
<use ./images//trend_secretbox_deno.png>
Package pdftex.def Info: ./images//trend_secretbox_deno.png  used on input line 282.
(pdftex.def)             Requested size: 175.49881pt x 120.57191pt.
<images/trend_secretbox_rust.png, id=40, 657.45625pt x 451.6875pt>
File: images/trend_secretbox_rust.png Graphic file (type png)
<use images/trend_secretbox_rust.png>
Package pdftex.def Info: images/trend_secretbox_rust.png  used on input line 287.
(pdftex.def)             Requested size: 175.49881pt x 120.57191pt.
<images/box_lines.png, id=41, 657.45625pt x 451.6875pt>
File: images/box_lines.png Graphic file (type png)
<use images/box_lines.png>
Package pdftex.def Info: images/box_lines.png  used on input line 302.
(pdftex.def)             Requested size: 175.49881pt x 120.57191pt.
<./images//trend_box_deno.png, id=42, 657.45625pt x 451.6875pt>
File: ./images//trend_box_deno.png Graphic file (type png)
<use ./images//trend_box_deno.png>
Package pdftex.def Info: ./images//trend_box_deno.png  used on input line 309.
(pdftex.def)             Requested size: 175.49881pt x 120.57191pt.
 [8 <./images/secretbox_lines.png> <./images//trend_secretbox_deno.png> <./images/trend_secretbox_rust.png> <./images/box_lines.png>]
<images/trend_box_rust.png, id=50, 657.45625pt x 451.6875pt>
File: images/trend_box_rust.png Graphic file (type png)
<use images/trend_box_rust.png>
Package pdftex.def Info: images/trend_box_rust.png  used on input line 314.
(pdftex.def)             Requested size: 175.49881pt x 120.57191pt.
 [9 <./images//trend_box_deno.png> <./images/trend_box_rust.png>] (main.aux) ) 
Here is how much of TeX's memory you used:
 3536 strings out of 476331
 55837 string characters out of 5787766
 1863660 words of memory out of 5000000
 23969 multiletter control sequences out of 15000+600000
 516127 words of font info for 45 fonts, out of 8000000 for 9000
 1141 hyphenation exceptions out of 8191
 57i,6n,62p,466b,1337s stack positions out of 10000i,1000n,20000p,200000b,200000s
 <C:\Users\aitor\AppData\Local\MiKTeX\fonts/pk/ljfour/jknappen/ec/dpi600\tcrm1200.pk><C:/Users/aitor/AppData/Local/Programs/MiKTeX/fonts/type1/public/amsfonts/cm/cmbx12.pfb><C:/Users/aitor/AppData/Local/Programs/MiKTeX/fonts/type1/public/amsfonts/cm/cmr12.pfb><C:/Users/aitor/AppData/Local/Programs/MiKTeX/fonts/type1/public/amsfonts/cm/cmr17.pfb><C:/Users/aitor/AppData/Local/Programs/MiKTeX/fonts/type1/public/amsfonts/cm/cmsy10.pfb><C:/Users/aitor/AppData/Local/Programs/MiKTeX/fonts/type1/public/amsfonts/cm/cmti12.pfb><C:/Users/aitor/AppData/Local/Programs/MiKTeX/fonts/type1/public/amsfonts/cm/cmtt12.pfb>
Output written on main.pdf (9 pages, 247273 bytes).
PDF statistics:
 86 PDF objects out of 1000 (max. 8388607)
 0 named destinations out of 1000 (max. 500000)
 46 words of extra memory for PDF output out of 10000 (max. 10000000)

